This is pdfTeX, Version 3.141592653-2.6-1.40.22 (TeX Live 2022/dev/Debian) (preloaded format=pdflatex 2024.6.23)  30 AUG 2025 11:44
entering extended mode
 restricted \write18 enabled.
 %&-line parsing enabled.
**main.tex
(./main.tex
LaTeX2e <2021-11-15> patch level 1
L3 programming layer <2022-01-21>
(/usr/share/texlive/texmf-dist/tex/latex/base/article.cls
Document Class: article 2021/10/04 v1.4n Standard LaTeX document class
(/usr/share/texlive/texmf-dist/tex/latex/base/size11.clo
File: size11.clo 2021/10/04 v1.4n Standard LaTeX file (size option)
)
\c@part=\count185
\c@section=\count186
\c@subsection=\count187
\c@subsubsection=\count188
\c@paragraph=\count189
\c@subparagraph=\count190
\c@figure=\count191
\c@table=\count192
\abovecaptionskip=\skip47
\belowcaptionskip=\skip48
\bibindent=\dimen138
)
(/usr/share/texlive/texmf-dist/tex/latex/natbib/natbib.sty
Package: natbib 2010/09/13 8.31b (PWD, AO)
\bibhang=\skip49
\bibsep=\skip50
LaTeX Info: Redefining \cite on input line 694.
\c@NAT@ctr=\count193
)
(/usr/share/texlive/texmf-dist/tex/latex/geometry/geometry.sty
Package: geometry 2020/01/02 v5.9 Page Geometry

(/usr/share/texlive/texmf-dist/tex/latex/graphics/keyval.sty
Package: keyval 2014/10/28 v1.15 key=value parser (DPC)
\KV@toks@=\toks16
)
(/usr/share/texlive/texmf-dist/tex/generic/iftex/ifvtex.sty
Package: ifvtex 2019/10/25 v1.7 ifvtex legacy package. Use iftex instead.

(/usr/share/texlive/texmf-dist/tex/generic/iftex/iftex.sty
Package: iftex 2020/03/06 v1.0d TeX engine tests
))
\Gm@cnth=\count194
\Gm@cntv=\count195
\c@Gm@tempcnt=\count196
\Gm@bindingoffset=\dimen139
\Gm@wd@mp=\dimen140
\Gm@odd@mp=\dimen141
\Gm@even@mp=\dimen142
\Gm@layoutwidth=\dimen143
\Gm@layoutheight=\dimen144
\Gm@layouthoffset=\dimen145
\Gm@layoutvoffset=\dimen146
\Gm@dimlist=\toks17
)
(/usr/share/texlive/texmf-dist/tex/latex/graphics/graphicx.sty
Package: graphicx 2021/09/16 v1.2d Enhanced LaTeX Graphics (DPC,SPQR)

(/usr/share/texlive/texmf-dist/tex/latex/graphics/graphics.sty
Package: graphics 2021/03/04 v1.4d Standard LaTeX Graphics (DPC,SPQR)

(/usr/share/texlive/texmf-dist/tex/latex/graphics/trig.sty
Package: trig 2021/08/11 v1.11 sin cos tan (DPC)
)
(/usr/share/texlive/texmf-dist/tex/latex/graphics-cfg/graphics.cfg
File: graphics.cfg 2016/06/04 v1.11 sample graphics configuration
)
Package graphics Info: Driver file: pdftex.def on input line 107.

(/usr/share/texlive/texmf-dist/tex/latex/graphics-def/pdftex.def
File: pdftex.def 2020/10/05 v1.2a Graphics/color driver for pdftex
))
\Gin@req@height=\dimen147
\Gin@req@width=\dimen148
)
(/usr/share/texlive/texmf-dist/tex/latex/amsmath/amsmath.sty
Package: amsmath 2021/10/15 v2.17l AMS math features
\@mathmargin=\skip51

For additional information on amsmath, use the `?' option.
(/usr/share/texlive/texmf-dist/tex/latex/amsmath/amstext.sty
Package: amstext 2021/08/26 v2.01 AMS text

(/usr/share/texlive/texmf-dist/tex/latex/amsmath/amsgen.sty
File: amsgen.sty 1999/11/30 v2.0 generic functions
\@emptytoks=\toks18
\ex@=\dimen149
))
(/usr/share/texlive/texmf-dist/tex/latex/amsmath/amsbsy.sty
Package: amsbsy 1999/11/29 v1.2d Bold Symbols
\pmbraise@=\dimen150
)
(/usr/share/texlive/texmf-dist/tex/latex/amsmath/amsopn.sty
Package: amsopn 2021/08/26 v2.02 operator names
)
\inf@bad=\count197
LaTeX Info: Redefining \frac on input line 234.
\uproot@=\count198
\leftroot@=\count199
LaTeX Info: Redefining \overline on input line 399.
\classnum@=\count266
\DOTSCASE@=\count267
LaTeX Info: Redefining \ldots on input line 496.
LaTeX Info: Redefining \dots on input line 499.
LaTeX Info: Redefining \cdots on input line 620.
\Mathstrutbox@=\box50
\strutbox@=\box51
\big@size=\dimen151
LaTeX Font Info:    Redeclaring font encoding OML on input line 743.
LaTeX Font Info:    Redeclaring font encoding OMS on input line 744.
\macc@depth=\count268
\c@MaxMatrixCols=\count269
\dotsspace@=\muskip16
\c@parentequation=\count270
\dspbrk@lvl=\count271
\tag@help=\toks19
\row@=\count272
\column@=\count273
\maxfields@=\count274
\andhelp@=\toks20
\eqnshift@=\dimen152
\alignsep@=\dimen153
\tagshift@=\dimen154
\tagwidth@=\dimen155
\totwidth@=\dimen156
\lineht@=\dimen157
\@envbody=\toks21
\multlinegap=\skip52
\multlinetaggap=\skip53
\mathdisplay@stack=\toks22
LaTeX Info: Redefining \[ on input line 2938.
LaTeX Info: Redefining \] on input line 2939.
)
(/usr/share/texlive/texmf-dist/tex/latex/float/float.sty
Package: float 2001/11/08 v1.3d Float enhancements (AL)
\c@float@type=\count275
\float@exts=\toks23
\float@box=\box52
\@float@everytoks=\toks24
\@floatcapt=\box53
)
(/usr/share/texlive/texmf-dist/tex/latex/placeins/placeins.sty
Package: placeins 2005/04/18  v 2.2
)
(/usr/share/texlive/texmf-dist/tex/latex/caption/subcaption.sty
Package: subcaption 2020/10/07 v1.3j Sub-captions (AR)

(/usr/share/texlive/texmf-dist/tex/latex/caption/caption.sty
Package: caption 2020/10/26 v3.5g Customizing captions (AR)

(/usr/share/texlive/texmf-dist/tex/latex/caption/caption3.sty
Package: caption3 2020/10/21 v2.2e caption3 kernel (AR)
\captionmargin=\dimen158
\captionmargin@=\dimen159
\captionwidth=\dimen160
\caption@tempdima=\dimen161
\caption@indent=\dimen162
\caption@parindent=\dimen163
\caption@hangindent=\dimen164
Package caption Info: Standard document class detected.
)
\c@caption@flags=\count276
\c@continuedfloat=\count277
Package caption Info: float package is loaded.
)
\c@subfigure=\count278
\c@subtable=\count279
)
(/usr/share/texlive/texmf-dist/tex/latex/preprint/authblk.sty
Package: authblk 2001/02/27 1.3 (PWD)
\affilsep=\skip54
\@affilsep=\skip55
\c@Maxaffil=\count280
\c@authors=\count281
\c@affil=\count282
)
(/usr/share/texlive/texmf-dist/tex/latex/url/url.sty
\Urlmuskip=\muskip17
Package: url 2013/09/16  ver 3.4  Verb mode for urls, etc.
)
(/usr/share/texlive/texmf-dist/tex/latex/hyperref/hyperref.sty
Package: hyperref 2021-06-07 v7.00m Hypertext links for LaTeX

(/usr/share/texlive/texmf-dist/tex/generic/ltxcmds/ltxcmds.sty
Package: ltxcmds 2020-05-10 v1.25 LaTeX kernel commands for general use (HO)
)
(/usr/share/texlive/texmf-dist/tex/generic/pdftexcmds/pdftexcmds.sty
Package: pdftexcmds 2020-06-27 v0.33 Utility functions of pdfTeX for LuaTeX (HO
)

(/usr/share/texlive/texmf-dist/tex/generic/infwarerr/infwarerr.sty
Package: infwarerr 2019/12/03 v1.5 Providing info/warning/error messages (HO)
)
Package pdftexcmds Info: \pdf@primitive is available.
Package pdftexcmds Info: \pdf@ifprimitive is available.
Package pdftexcmds Info: \pdfdraftmode found.
)
(/usr/share/texlive/texmf-dist/tex/generic/kvsetkeys/kvsetkeys.sty
Package: kvsetkeys 2019/12/15 v1.18 Key value parser (HO)
)
(/usr/share/texlive/texmf-dist/tex/generic/kvdefinekeys/kvdefinekeys.sty
Package: kvdefinekeys 2019-12-19 v1.6 Define keys (HO)
)
(/usr/share/texlive/texmf-dist/tex/generic/pdfescape/pdfescape.sty
Package: pdfescape 2019/12/09 v1.15 Implements pdfTeX's escape features (HO)
)
(/usr/share/texlive/texmf-dist/tex/latex/hycolor/hycolor.sty
Package: hycolor 2020-01-27 v1.10 Color options for hyperref/bookmark (HO)
)
(/usr/share/texlive/texmf-dist/tex/latex/letltxmacro/letltxmacro.sty
Package: letltxmacro 2019/12/03 v1.6 Let assignment for LaTeX macros (HO)
)
(/usr/share/texlive/texmf-dist/tex/latex/auxhook/auxhook.sty
Package: auxhook 2019-12-17 v1.6 Hooks for auxiliary files (HO)
)
(/usr/share/texlive/texmf-dist/tex/latex/kvoptions/kvoptions.sty
Package: kvoptions 2020-10-07 v3.14 Key value format for package options (HO)
)
\@linkdim=\dimen165
\Hy@linkcounter=\count283
\Hy@pagecounter=\count284

(/usr/share/texlive/texmf-dist/tex/latex/hyperref/pd1enc.def
File: pd1enc.def 2021-06-07 v7.00m Hyperref: PDFDocEncoding definition (HO)
Now handling font encoding PD1 ...
... no UTF-8 mapping file for font encoding PD1
)
(/usr/share/texlive/texmf-dist/tex/latex/hyperref/hyperref-langpatches.def
File: hyperref-langpatches.def 2021-06-07 v7.00m Hyperref: patches for babel la
nguages
)
(/usr/share/texlive/texmf-dist/tex/generic/intcalc/intcalc.sty
Package: intcalc 2019/12/15 v1.3 Expandable calculations with integers (HO)
)
(/usr/share/texlive/texmf-dist/tex/generic/etexcmds/etexcmds.sty
Package: etexcmds 2019/12/15 v1.7 Avoid name clashes with e-TeX commands (HO)
)
\Hy@SavedSpaceFactor=\count285

(/usr/share/texlive/texmf-dist/tex/latex/hyperref/puenc.def
File: puenc.def 2021-06-07 v7.00m Hyperref: PDF Unicode definition (HO)
Now handling font encoding PU ...
... no UTF-8 mapping file for font encoding PU
)

Package hyperref Warning: Unexpected value for option `hidelinks'
(hyperref)                is ignored on input line 4073.

Package hyperref Info: Option `breaklinks' set `true' on input line 4073.
Package hyperref Info: Hyper figures OFF on input line 4192.
Package hyperref Info: Link nesting OFF on input line 4197.
Package hyperref Info: Hyper index ON on input line 4200.
Package hyperref Info: Plain pages OFF on input line 4207.
Package hyperref Info: Backreferencing OFF on input line 4212.
Package hyperref Info: Implicit mode ON; LaTeX internals redefined.
Package hyperref Info: Bookmarks ON on input line 4445.
\c@Hy@tempcnt=\count286
LaTeX Info: Redefining \url on input line 4804.
\XeTeXLinkMargin=\dimen166
(/usr/share/texlive/texmf-dist/tex/generic/bitset/bitset.sty
Package: bitset 2019/12/09 v1.3 Handle bit-vector datatype (HO)

(/usr/share/texlive/texmf-dist/tex/generic/bigintcalc/bigintcalc.sty
Package: bigintcalc 2019/12/15 v1.5 Expandable calculations on big integers (HO
)
))
\Fld@menulength=\count287
\Field@Width=\dimen167
\Fld@charsize=\dimen168
Package hyperref Info: Hyper figures OFF on input line 6076.
Package hyperref Info: Link nesting OFF on input line 6081.
Package hyperref Info: Hyper index ON on input line 6084.
Package hyperref Info: backreferencing OFF on input line 6091.
Package hyperref Info: Link coloring OFF on input line 6096.
Package hyperref Info: Link coloring with OCG OFF on input line 6101.
Package hyperref Info: PDF/A mode OFF on input line 6106.
LaTeX Info: Redefining \ref on input line 6146.
LaTeX Info: Redefining \pageref on input line 6150.

(/usr/share/texlive/texmf-dist/tex/latex/base/atbegshi-ltx.sty
Package: atbegshi-ltx 2021/01/10 v1.0c Emulation of the original atbegshi
package with kernel methods
)
\Hy@abspage=\count288
\c@Item=\count289
\c@Hfootnote=\count290
)
Package hyperref Info: Driver (autodetected): hpdftex.

(/usr/share/texlive/texmf-dist/tex/latex/hyperref/hpdftex.def
File: hpdftex.def 2021-06-07 v7.00m Hyperref driver for pdfTeX

(/usr/share/texlive/texmf-dist/tex/latex/base/atveryend-ltx.sty
Package: atveryend-ltx 2020/08/19 v1.0a Emulation of the original atveryend pac
kage
with kernel methods
)
\Fld@listcount=\count291
\c@bookmark@seq@number=\count292

(/usr/share/texlive/texmf-dist/tex/latex/rerunfilecheck/rerunfilecheck.sty
Package: rerunfilecheck 2019/12/05 v1.9 Rerun checks for auxiliary files (HO)

(/usr/share/texlive/texmf-dist/tex/generic/uniquecounter/uniquecounter.sty
Package: uniquecounter 2019/12/15 v1.4 Provide unlimited unique counter (HO)
)
Package uniquecounter Info: New unique counter `rerunfilecheck' on input line 2
86.
)
\Hy@SectionHShift=\skip56
)
(/usr/share/texlive/texmf-dist/tex/latex/booktabs/booktabs.sty
Package: booktabs 2020/01/12 v1.61803398 Publication quality tables
\heavyrulewidth=\dimen169
\lightrulewidth=\dimen170
\cmidrulewidth=\dimen171
\belowrulesep=\dimen172
\belowbottomsep=\dimen173
\aboverulesep=\dimen174
\abovetopsep=\dimen175
\cmidrulesep=\dimen176
\cmidrulekern=\dimen177
\defaultaddspace=\dimen178
\@cmidla=\count293
\@cmidlb=\count294
\@aboverulesep=\dimen179
\@belowrulesep=\dimen180
\@thisruleclass=\count295
\@lastruleclass=\count296
\@thisrulewidth=\dimen181
)
(/usr/share/texlive/texmf-dist/tex/latex/l3backend/l3backend-pdftex.def
File: l3backend-pdftex.def 2022-01-12 L3 backend support: PDF output (pdfTeX)
\l__color_backend_stack_int=\count297
\l__pdf_internal_box=\box54
)
(./main.aux)
\openout1 = `main.aux'.

LaTeX Font Info:    Checking defaults for OML/cmm/m/it on input line 28.
LaTeX Font Info:    ... okay on input line 28.
LaTeX Font Info:    Checking defaults for OMS/cmsy/m/n on input line 28.
LaTeX Font Info:    ... okay on input line 28.
LaTeX Font Info:    Checking defaults for OT1/cmr/m/n on input line 28.
LaTeX Font Info:    ... okay on input line 28.
LaTeX Font Info:    Checking defaults for T1/cmr/m/n on input line 28.
LaTeX Font Info:    ... okay on input line 28.
LaTeX Font Info:    Checking defaults for TS1/cmr/m/n on input line 28.
LaTeX Font Info:    ... okay on input line 28.
LaTeX Font Info:    Checking defaults for OMX/cmex/m/n on input line 28.
LaTeX Font Info:    ... okay on input line 28.
LaTeX Font Info:    Checking defaults for U/cmr/m/n on input line 28.
LaTeX Font Info:    ... okay on input line 28.
LaTeX Font Info:    Checking defaults for PD1/pdf/m/n on input line 28.
LaTeX Font Info:    ... okay on input line 28.
LaTeX Font Info:    Checking defaults for PU/pdf/m/n on input line 28.
LaTeX Font Info:    ... okay on input line 28.

*geometry* driver: auto-detecting
*geometry* detected driver: pdftex
*geometry* verbose mode - [ preamble ] result:
* driver: pdftex
* paper: letterpaper
* layout: <same size as paper>
* layoutoffset:(h,v)=(0.0pt,0.0pt)
* modes: 
* h-part:(L,W,R)=(72.26999pt, 469.75502pt, 72.26999pt)
* v-part:(T,H,B)=(72.26999pt, 650.43001pt, 72.26999pt)
* \paperwidth=614.295pt
* \paperheight=794.96999pt
* \textwidth=469.75502pt
* \textheight=650.43001pt
* \oddsidemargin=0.0pt
* \evensidemargin=0.0pt
* \topmargin=-37.0pt
* \headheight=12.0pt
* \headsep=25.0pt
* \topskip=11.0pt
* \footskip=30.0pt
* \marginparwidth=59.0pt
* \marginparsep=10.0pt
* \columnsep=10.0pt
* \skip\footins=10.0pt plus 4.0pt minus 2.0pt
* \hoffset=0.0pt
* \voffset=0.0pt
* \mag=1000
* \@twocolumnfalse
* \@twosidefalse
* \@mparswitchfalse
* \@reversemarginfalse
* (1in=72.27pt=25.4mm, 1cm=28.453pt)

(/usr/share/texlive/texmf-dist/tex/context/base/mkii/supp-pdf.mkii
[Loading MPS to PDF converter (version 2006.09.02).]
\scratchcounter=\count298
\scratchdimen=\dimen182
\scratchbox=\box55
\nofMPsegments=\count299
\nofMParguments=\count300
\everyMPshowfont=\toks25
\MPscratchCnt=\count301
\MPscratchDim=\dimen183
\MPnumerator=\count302
\makeMPintoPDFobject=\count303
\everyMPtoPDFconversion=\toks26
) (/usr/share/texlive/texmf-dist/tex/latex/epstopdf-pkg/epstopdf-base.sty
Package: epstopdf-base 2020-01-24 v2.11 Base part for package epstopdf
Package epstopdf-base Info: Redefining graphics rule for `.eps' on input line 4
85.

(/usr/share/texlive/texmf-dist/tex/latex/latexconfig/epstopdf-sys.cfg
File: epstopdf-sys.cfg 2010/07/13 v1.3 Configuration of (r)epstopdf for TeX Liv
e
))
Package caption Info: Begin \AtBeginDocument code.
Package caption Info: hyperref package is loaded.
Package caption Info: End \AtBeginDocument code.
Package hyperref Info: Link coloring OFF on input line 28.

(/usr/share/texlive/texmf-dist/tex/latex/hyperref/nameref.sty
Package: nameref 2021-04-02 v2.47 Cross-referencing by name of section

(/usr/share/texlive/texmf-dist/tex/latex/refcount/refcount.sty
Package: refcount 2019/12/15 v3.6 Data extraction from label references (HO)
)
(/usr/share/texlive/texmf-dist/tex/generic/gettitlestring/gettitlestring.sty
Package: gettitlestring 2019/12/15 v1.6 Cleanup title references (HO)
)
\c@section@level=\count304
)
LaTeX Info: Redefining \ref on input line 28.
LaTeX Info: Redefining \pageref on input line 28.
LaTeX Info: Redefining \nameref on input line 28.

(./main.out) (./main.out)
\@outlinefile=\write3
\openout3 = `main.out'.



Package hyperref Warning: Ignoring empty anchor on input line 39.

[1

{/var/lib/texmf/fonts/map/pdftex/updmap/pdftex.map}] [2] [3] [4] [5] [6]
[7]
<figs/Datasets.png, id=295, 592.1322pt x 849.1725pt>
File: figs/Datasets.png Graphic file (type png)
<use figs/Datasets.png>
Package pdftex.def Info: figs/Datasets.png  used on input line 164.
(pdftex.def)             Requested size: 328.82707pt x 471.56842pt.
 [8]
<figs/tweetdeck.jpeg, id=305, 954.56625pt x 858.20625pt>
File: figs/tweetdeck.jpeg Graphic file (type jpg)
<use figs/tweetdeck.jpeg>
Package pdftex.def Info: figs/tweetdeck.jpeg  used on input line 198.
(pdftex.def)             Requested size: 211.38832pt x 190.0369pt.
<figs/airtable.png, id=306, 1731.46875pt x 984.67876pt>
File: figs/airtable.png Graphic file (type png)
<use figs/airtable.png>
Package pdftex.def Info: figs/airtable.png  used on input line 206.
(pdftex.def)             Requested size: 211.38832pt x 120.21477pt.


LaTeX Warning: `h' float specifier changed to `ht'.

[9] [10] [11] [12]
Overfull \hbox (6.87079pt too wide) in paragraph at lines 303--304
[]\OT1/cmr/m/n/10.95 The mean num-ber of in-ter-ac-tions from Fogo Cruzado's pr
o-file in Rio de Janeiro ($\OT1/cmtt/m/n/10.95 @FogoCruzadoRJ$\OT1/cmr/m/n/10.9
5 )
 []

[13] [14] (./main.bbl [15] [16] [17]
Underfull \hbox (badness 10000) in paragraph at lines 280--285
\OT1/cmtt/m/n/10.95 no -[] futuro -[] impactos -[] da -[] guerra -[] as -[] dro
gas -[] na -[] rede -[] municipal -[] de -[] educacao -[] do -[] rio -[]
 []


Underfull \hbox (badness 1728) in paragraph at lines 287--295
\OT1/cmr/m/n/10.95 EthicsBiologyEngMed . 2014012035$.  URL []$\OT1/cmtt/m/n/10.
95 https : / / www . dl . begellhouse . com / journals /
 []

[18] [19]) [20]
<figs/test_interactions_pb.png, id=488, 1003.75pt x 501.875pt>
File: figs/test_interactions_pb.png Graphic file (type png)
<use figs/test_interactions_pb.png>
Package pdftex.def Info: figs/test_interactions_pb.png  used on input line 342.

(pdftex.def)             Requested size: 328.82707pt x 164.41695pt.
<figs/test_reports_pb.png, id=489, 1003.75pt x 501.875pt>
File: figs/test_reports_pb.png Graphic file (type png)
<use figs/test_reports_pb.png>
Package pdftex.def Info: figs/test_reports_pb.png  used on input line 349.
(pdftex.def)             Requested size: 328.82707pt x 164.41695pt.
 [21 <./figs/test_interactions_pb.png> <./figs/test_reports_pb.png>] [22] [23 <
./figs/Datasets.png>] [24 <./figs/tweetdeck.jpeg> <./figs/airtable.png>]
<figs/appendix/pre-survey/pre_q1.png, id=512, 859.7721pt x 569.9694pt>
File: figs/appendix/pre-survey/pre_q1.png Graphic file (type png)
<use figs/appendix/pre-survey/pre_q1.png>
Package pdftex.def Info: figs/appendix/pre-survey/pre_q1.png  used on input lin
e 378.
(pdftex.def)             Requested size: 375.80544pt x 249.13487pt.
<figs/appendix/pre-survey/pre_q2.png, id=513, 595.7457pt x 376.7676pt>
File: figs/appendix/pre-survey/pre_q2.png Graphic file (type png)
<use figs/appendix/pre-survey/pre_q2.png>
Package pdftex.def Info: figs/appendix/pre-survey/pre_q2.png  used on input lin
e 385.
(pdftex.def)             Requested size: 375.80544pt x 237.67528pt.
<figs/appendix/pre-survey/pre_q3.png, id=514, 859.7721pt x 568.2831pt>
File: figs/appendix/pre-survey/pre_q3.png Graphic file (type png)
<use figs/appendix/pre-survey/pre_q3.png>
Package pdftex.def Info: figs/appendix/pre-survey/pre_q3.png  used on input lin
e 392.
(pdftex.def)             Requested size: 375.80544pt x 248.39778pt.
 [25

 <./figs/appendix/pre-survey/pre_q1.png> <./figs/appendix/pre-survey/pre_q2.png
>]
<figs/appendix/pre-survey/pre_q4to6.png, id=524, 714.7503pt x 426.393pt>
File: figs/appendix/pre-survey/pre_q4to6.png Graphic file (type png)
<use figs/appendix/pre-survey/pre_q4to6.png>
Package pdftex.def Info: figs/appendix/pre-survey/pre_q4to6.png  used on input 
line 399.
(pdftex.def)             Requested size: 375.80544pt x 224.198pt.
<figs/appendix/post-survey/pos_q1.png, id=525, 642.2394pt x 376.7676pt>
File: figs/appendix/post-survey/pos_q1.png Graphic file (type png)
<use figs/appendix/post-survey/pos_q1.png>
Package pdftex.def Info: figs/appendix/post-survey/pos_q1.png  used on input li
ne 406.
(pdftex.def)             Requested size: 375.80544pt x 220.4685pt.
 [26 <./figs/appendix/pre-survey/pre_q3.png> <./figs/appendix/pre-survey/pre_q4
to6.png>]
<figs/appendix/post-survey/pos_q2.png, id=534, 859.5312pt x 569.9694pt>
File: figs/appendix/post-survey/pos_q2.png Graphic file (type png)
<use figs/appendix/post-survey/pos_q2.png>
Package pdftex.def Info: figs/appendix/post-survey/pos_q2.png  used on input li
ne 413.
(pdftex.def)             Requested size: 375.80544pt x 249.20445pt.
<figs/appendix/post-survey/pos_q3.png, id=535, 859.5312pt x 568.2831pt>
File: figs/appendix/post-survey/pos_q3.png Graphic file (type png)
<use figs/appendix/post-survey/pos_q3.png>
Package pdftex.def Info: figs/appendix/post-survey/pos_q3.png  used on input li
ne 420.
(pdftex.def)             Requested size: 375.80544pt x 248.46716pt.
 [27 <./figs/appendix/post-survey/pos_q1.png> <./figs/appendix/post-survey/pos_
q2.png>]
<figs/appendix/post-survey/pos_q4.png, id=544, 859.7721pt x 569.9694pt>
File: figs/appendix/post-survey/pos_q4.png Graphic file (type png)
<use figs/appendix/post-survey/pos_q4.png>
Package pdftex.def Info: figs/appendix/post-survey/pos_q4.png  used on input li
ne 427.
(pdftex.def)             Requested size: 375.80544pt x 249.13487pt.
<figs/appendix/post-survey/pos_q5to6.png, id=545, 715.2321pt x 426.393pt>
File: figs/appendix/post-survey/pos_q5to6.png Graphic file (type png)
<use figs/appendix/post-survey/pos_q5to6.png>
Package pdftex.def Info: figs/appendix/post-survey/pos_q5to6.png  used on input
 line 434.
(pdftex.def)             Requested size: 375.80544pt x 224.04184pt.
 [28 <./figs/appendix/post-survey/pos_q3.png> <./figs/appendix/post-survey/pos_
q4.png>]
<figs/interactions_per_day_uf.png, id=557, 2409.0pt x 1606.0pt>
File: figs/interactions_per_day_uf.png Graphic file (type png)
<use figs/interactions_per_day_uf.png>
Package pdftex.def Info: figs/interactions_per_day_uf.png  used on input line 4
50.
(pdftex.def)             Requested size: 375.80544pt x 250.5203pt.
 [29 <./figs/appendix/post-survey/pos_q5to6.png>]
<figs/appendix/regression/trendline-after.png, id=570, 2007.5pt x 1204.5pt>
File: figs/appendix/regression/trendline-after.png Graphic file (type png)
<use figs/appendix/regression/trendline-after.png>
Package pdftex.def Info: figs/appendix/regression/trendline-after.png  used on 
input line 467.
(pdftex.def)             Requested size: 375.80544pt x 225.47562pt.
 [30 <./figs/interactions_per_day_uf.png>] [31 <./figs/appendix/regression/tren
dline-after.png>] [32] [33]
<figs/appendix/regression/rioba-cumsum.png, id=600, 2007.5pt x 1204.5pt>
File: figs/appendix/regression/rioba-cumsum.png Graphic file (type png)
<use figs/appendix/regression/rioba-cumsum.png>
Package pdftex.def Info: figs/appendix/regression/rioba-cumsum.png  used on inp
ut line 547.
(pdftex.def)             Requested size: 375.80544pt x 225.47562pt.
<figs/appendix/regression/trendline.png, id=601, 2007.5pt x 1204.5pt>
File: figs/appendix/regression/trendline.png Graphic file (type png)
<use figs/appendix/regression/trendline.png>
Package pdftex.def Info: figs/appendix/regression/trendline.png  used on input 
line 554.
(pdftex.def)             Requested size: 375.80544pt x 225.47562pt.
 [34

 <./figs/appendix/regression/rioba-cumsum.png>]
<figs/appendix/regression/qqplot.png, id=609, 2007.5pt x 1204.5pt>
File: figs/appendix/regression/qqplot.png Graphic file (type png)
<use figs/appendix/regression/qqplot.png>
Package pdftex.def Info: figs/appendix/regression/qqplot.png  used on input lin
e 563.
(pdftex.def)             Requested size: 375.80544pt x 225.47562pt.
<figs/appendix/regression/qqplotneg.png, id=610, 2007.5pt x 1204.5pt>
File: figs/appendix/regression/qqplotneg.png Graphic file (type png)
<use figs/appendix/regression/qqplotneg.png>
Package pdftex.def Info: figs/appendix/regression/qqplotneg.png  used on input 
line 569.
(pdftex.def)             Requested size: 375.80544pt x 225.47562pt.
 [35 <./figs/appendix/regression/trendline.png> <./figs/appendix/regression/qqp
lot.png>] [36 <./figs/appendix/regression/qqplotneg.png>] (./main.aux)
Package rerunfilecheck Info: File `main.out' has not changed.
(rerunfilecheck)             Checksum: 6778BCA1EDD82FB9FE0387B3591FADB5;2921.
 ) 
Here is how much of TeX's memory you used:
 11777 strings out of 480247
 195698 string characters out of 5896151
 489631 words of memory out of 5000000
 29401 multiletter control sequences out of 15000+600000
 479740 words of font info for 64 fonts, out of 8000000 for 9000
 14 hyphenation exceptions out of 8191
 67i,12n,77p,1586b,557s stack positions out of 5000i,500n,10000p,200000b,80000s
 </home/abitporu/.texlive2021/texmf-var/fonts/pk/ljfour/jknappen/ec/tcrm1095.
600pk> </home/abitporu/.texlive2021/texmf-var/fonts/pk/ljfour/jknappen/ec/tcrm0
900.600pk> </home/abitporu/.texlive2021/texmf-var/fonts/pk/ljfour/jknappen/ec/t
crm0600.600pk> </home/abitporu/.texlive2021/texmf-var/fonts/pk/ljfour/jknappen/
ec/tcrm0800.600pk></usr/share/texlive/texmf-dist/fonts/type1/public/amsfonts/cm
/cmbx10.pfb></usr/share/texlive/texmf-dist/fonts/type1/public/amsfonts/cm/cmbx1
2.pfb></usr/share/texlive/texmf-dist/fonts/type1/public/amsfonts/cm/cmbxti10.pf
b></usr/share/texlive/texmf-dist/fonts/type1/public/amsfonts/cm/cmmi10.pfb></us
r/share/texlive/texmf-dist/fonts/type1/public/amsfonts/cm/cmmi8.pfb></usr/share
/texlive/texmf-dist/fonts/type1/public/amsfonts/cm/cmr10.pfb></usr/share/texliv
e/texmf-dist/fonts/type1/public/amsfonts/cm/cmr12.pfb></usr/share/texlive/texmf
-dist/fonts/type1/public/amsfonts/cm/cmr17.pfb></usr/share/texlive/texmf-dist/f
onts/type1/public/amsfonts/cm/cmr6.pfb></usr/share/texlive/texmf-dist/fonts/typ
e1/public/amsfonts/cm/cmr8.pfb></usr/share/texlive/texmf-dist/fonts/type1/publi
c/amsfonts/cm/cmr9.pfb></usr/share/texlive/texmf-dist/fonts/type1/public/amsfon
ts/cm/cmsy10.pfb></usr/share/texlive/texmf-dist/fonts/type1/public/amsfonts/cm/
cmsy8.pfb></usr/share/texlive/texmf-dist/fonts/type1/public/amsfonts/cm/cmti10.
pfb></usr/share/texlive/texmf-dist/fonts/type1/public/amsfonts/cm/cmti9.pfb></u
sr/share/texlive/texmf-dist/fonts/type1/public/amsfonts/cm/cmtt10.pfb></usr/sha
re/texlive/texmf-dist/fonts/type1/public/amsfonts/cm/cmtt9.pfb>
Output written on main.pdf (36 pages, 3496089 bytes).
PDF statistics:
 747 PDF objects out of 1000 (max. 8388607)
 625 compressed objects within 7 object streams
 153 named destinations out of 1000 (max. 500000)
 269 words of extra memory for PDF output out of 10000 (max. 10000000)

