\BOOKMARK [1][-]{section.1}{\376\377\000I\000n\000t\000r\000o\000d\000u\000c\000t\000i\000o\000n}{}% 1
\BOOKMARK [1][-]{section.2}{\376\377\000R\000e\000l\000a\000t\000e\000d\000\040\000w\000o\000r\000k}{}% 2
\BOOKMARK [1][-]{section.3}{\376\377\000B\000a\000c\000k\000g\000r\000o\000u\000n\000d\000\040\000a\000n\000d\000\040\000c\000o\000n\000t\000e\000x\000t}{}% 3
\BOOKMARK [1][-]{section.4}{\376\377\000M\000e\000t\000h\000o\000d\000o\000l\000o\000g\000y}{}% 4
\BOOKMARK [2][-]{subsection.4.1}{\376\377\000D\000a\000t\000a\000\040\000c\000o\000l\000l\000e\000c\000t\000i\000o\000n}{section.4}% 5
\BOOKMARK [2][-]{subsection.4.2}{\376\377\000M\000o\000d\000e\000l\000\040\000d\000e\000v\000e\000l\000o\000p\000m\000e\000n\000t}{section.4}% 6
\BOOKMARK [2][-]{subsection.4.3}{\376\377\000M\000o\000d\000e\000l\000\040\000e\000v\000a\000l\000u\000a\000t\000i\000o\000n}{section.4}% 7
\BOOKMARK [2][-]{subsection.4.4}{\376\377\000D\000e\000s\000i\000g\000n\000i\000n\000g\000\040\000a\000\040\000r\000e\000a\000l\000-\000w\000o\000r\000l\000d\000\040\000i\000n\000t\000e\000r\000v\000e\000n\000t\000i\000o\000n}{section.4}% 8
\BOOKMARK [1][-]{section.5}{\376\377\000R\000e\000s\000u\000l\000t\000s}{}% 9
\BOOKMARK [2][-]{subsection.5.1}{\376\377\000M\000o\000d\000e\000l\000\040\000p\000e\000r\000f\000o\000r\000m\000a\000n\000c\000e}{section.5}% 10
\BOOKMARK [2][-]{subsection.5.2}{\376\377\000E\000r\000r\000o\000r\000\040\000a\000n\000a\000l\000y\000s\000i\000s}{section.5}% 11
\BOOKMARK [2][-]{subsection.5.3}{\376\377\000I\000n\000t\000e\000r\000v\000e\000n\000t\000i\000o\000n\000\040\000f\000i\000n\000d\000i\000n\000g\000s}{section.5}% 12
\BOOKMARK [1][-]{section.6}{\376\377\000D\000i\000s\000c\000u\000s\000s\000i\000o\000n}{}% 13
\BOOKMARK [1][-]{section.7}{\376\377\000C\000o\000n\000c\000l\000u\000s\000i\000o\000n}{}% 14
\BOOKMARK [1][-]{appendix.A}{\376\377\000M\000o\000d\000e\000l\000\040\000e\000v\000a\000l\000u\000a\000t\000i\000o\000n}{}% 15
\BOOKMARK [1][-]{appendix.B}{\376\377\000I\000n\000t\000e\000r\000v\000i\000e\000w\000\040\000a\000n\000d\000\040\000s\000u\000r\000v\000e\000y}{}% 16
\BOOKMARK [2][-]{subsection.B.1}{\376\377\000I\000n\000t\000e\000r\000v\000i\000e\000w\000\040\000q\000u\000e\000s\000t\000i\000o\000n\000s}{appendix.B}% 17
\BOOKMARK [2][-]{subsection.B.2}{\376\377\000S\000u\000r\000v\000e\000y\000\040\000r\000e\000s\000u\000l\000t\000s}{appendix.B}% 18
\BOOKMARK [1][-]{appendix.C}{\376\377\000D\000i\000f\000f\000e\000r\000e\000n\000c\000e\000-\000i\000n\000-\000d\000i\000f\000f\000e\000r\000e\000n\000c\000e\000\040\000m\000o\000d\000e\000l}{}% 19
\BOOKMARK [2][-]{subsection.C.1}{\376\377\000R\000e\000g\000r\000e\000s\000s\000i\000o\000n\000\040\000m\000o\000d\000e\000l\000s}{appendix.C}% 20
\BOOKMARK [2][-]{subsection.C.2}{\376\377\000R\000e\000g\000r\000e\000s\000s\000i\000o\000n\000\040\000d\000i\000a\000g\000n\000o\000s\000t\000i\000c\000s}{appendix.C}% 21
